F:\Next\admin-dashboard\node_modules\@prisma\client\src\runtime\getPrismaClient.ts:260
        throw new PrismaClientInitializationError(
              ^

PrismaClientInitializationError: `PrismaClient` needs to be constructed with a non-empty, valid `PrismaClientOptions`:

```
new PrismaClient({
  ...
})
```

or

```
constructor() {
  super({ ... });
}
```
          
    at new t (F:\Next\admin-dashboard\node_modules\@prisma\client\src\runtime\getPrismaClient.ts:260:15)
    at <anonymous> (F:\Next\admin-dashboard\seed-leaves.ts:3:16)
    at Object.<anonymous> (F:\Next\admin-dashboard\seed-leaves.ts:116:6)
    at Module._compile (node:internal/modules/cjs/loader:1760:14)
    at Object.transformer (C:\Users\alfai\AppData\Local\npm-cache\_npx\fd45a72a545557e9\node_modules\tsx\dist\register-D46fvsV_.cjs:3:1104)
    at Module.load (node:internal/modules/cjs/loader:1480:32)
    at Module._load (node:internal/modules/cjs/loader:1299:12)
    at TracingChannel.traceSync (node:diagnostics_channel:328:14)
    at wrapModuleLoad (node:internal/modules/cjs/loader:244:24)
    at cjsLoader (node:internal/modules/esm/translators:342:5) {
  clientVersion: '7.4.1',
  errorCode: undefined,
  retryable: undefined
}

Node.js v24.11.0
